<?xml version="1.0" encoding="UTF-8"?>
<robot generator="Robot 4.0.3 (Python 3.9.6 on win32)" generated="20210804 00:15:00.671" rpa="false" schemaversion="2">
<suite id="s1" name="suiteDesafioSovos" source="E:\04. DesafioSovos\desafiosovos\suiteDesafioSovos.robot">
<kw name="Opening Browser" library="resourceDesafioSovos" type="SETUP">
<kw name="Open Browser" library="SeleniumLibrary">
<arg>browser=chrome</arg>
<doc>Opens a new browser instance to the optional ``url``.</doc>
<msg timestamp="20210804 00:15:00.963" level="INFO">Opening browser 'chrome' to base url 'None'.</msg>
<status status="PASS" starttime="20210804 00:15:00.963" endtime="20210804 00:15:02.506"/>
</kw>
<status status="PASS" starttime="20210804 00:15:00.963" endtime="20210804 00:15:02.506"/>
</kw>
<test id="s1-t1" name="Case Test 02: Add valid quantity of the product to the cart">
<kw name="Access the home page website" library="resourceDesafioSovos">
<kw name="Go To" library="SeleniumLibrary">
<arg>${URL}</arg>
<doc>Navigates the current browser window to the provided ``url``.</doc>
<msg timestamp="20210804 00:15:02.509" level="INFO">Opening url 'http://www.amazon.com.br/'</msg>
<status status="PASS" starttime="20210804 00:15:02.509" endtime="20210804 00:15:07.108"/>
</kw>
<kw name="Wait Until Element Is Visible" library="SeleniumLibrary">
<arg>${CHECK_HOME_PAGE}</arg>
<doc>Waits until the element ``locator`` is visible.</doc>
<status status="PASS" starttime="20210804 00:15:07.108" endtime="20210804 00:15:07.180"/>
</kw>
<status status="PASS" starttime="20210804 00:15:02.508" endtime="20210804 00:15:07.180"/>
</kw>
<kw name="Type the product &quot;Playstation 5&quot; in the searchbox and search" library="resourceDesafioSovos" sourcename="Type the product &quot;${PRODUCT1}&quot; in the searchbox and search">
<kw name="Input Text" library="SeleniumLibrary">
<arg>${SRC_BOX}</arg>
<arg>${PRODUCT1}</arg>
<doc>Types the given ``text`` into the text field identified by ``locator``.</doc>
<msg timestamp="20210804 00:15:07.182" level="INFO">Typing text 'Playstation 5' into text field 'xpath=//input[contains(@type,'text')]'.</msg>
<status status="PASS" starttime="20210804 00:15:07.181" endtime="20210804 00:15:07.426"/>
</kw>
<status status="PASS" starttime="20210804 00:15:07.181" endtime="20210804 00:15:07.426"/>
</kw>
<kw name="Click on button to search" library="resourceDesafioSovos">
<kw name="Mouse Over" library="SeleniumLibrary">
<arg>${BTN_SRC}</arg>
<doc>Simulates hovering the mouse over the element ``locator``.</doc>
<msg timestamp="20210804 00:15:07.428" level="INFO">Simulating Mouse Over on element 'xpath=//input[contains(@value,'Ir')]'.</msg>
<status status="PASS" starttime="20210804 00:15:07.427" endtime="20210804 00:15:07.765"/>
</kw>
<kw name="Click Button" library="SeleniumLibrary">
<arg>${BTN_SRC}</arg>
<doc>Clicks the button identified by ``locator``.</doc>
<msg timestamp="20210804 00:15:07.766" level="INFO">Clicking button 'xpath=//input[contains(@value,'Ir')]'.</msg>
<status status="PASS" starttime="20210804 00:15:07.765" endtime="20210804 00:15:07.879"/>
</kw>
<status status="PASS" starttime="20210804 00:15:07.426" endtime="20210804 00:15:07.879"/>
</kw>
<kw name="Check if the product &quot;Playstation 5&quot; is listed in the website" library="resourceDesafioSovos" sourcename="Check if the product &quot;${PRODUCT1}&quot; is listed in the website">
<kw name="Wait Until Element Is Visible" library="SeleniumLibrary">
<arg>${VISIBLE_PRDT}</arg>
<doc>Waits until the element ``locator`` is visible.</doc>
<status status="PASS" starttime="20210804 00:15:07.881" endtime="20210804 00:15:08.788"/>
</kw>
<kw name="Page Should Contain Image" library="SeleniumLibrary">
<arg>${IMAGE_PRDT}</arg>
<doc>Verifies image identified by ``locator`` is found from current page.</doc>
<msg timestamp="20210804 00:15:09.074" level="INFO">Current page contains image 'xpath=//img[@data-image-index='1']'.</msg>
<status status="PASS" starttime="20210804 00:15:08.788" endtime="20210804 00:15:09.074"/>
</kw>
<status status="PASS" starttime="20210804 00:15:07.880" endtime="20210804 00:15:09.075"/>
</kw>
<kw name="Select the choosen product" library="resourceDesafioSovos">
<kw name="Mouse Over" library="SeleniumLibrary">
<arg>${SRC_PRDT}</arg>
<doc>Simulates hovering the mouse over the element ``locator``.</doc>
<msg timestamp="20210804 00:15:09.078" level="INFO">Simulating Mouse Over on element 'xpath=//img[contains(@alt,'Console PlayStation®5')]'.</msg>
<status status="PASS" starttime="20210804 00:15:09.077" endtime="20210804 00:15:09.768"/>
</kw>
<kw name="Click Element" library="SeleniumLibrary">
<arg>${SRC_PRDT}</arg>
<doc>Click the element identified by ``locator``.</doc>
<msg timestamp="20210804 00:15:09.768" level="INFO">Clicking element 'xpath=//img[contains(@alt,'Console PlayStation®5')]'.</msg>
<status status="PASS" starttime="20210804 00:15:09.768" endtime="20210804 00:15:10.309"/>
</kw>
<status status="PASS" starttime="20210804 00:15:09.076" endtime="20210804 00:15:10.309"/>
</kw>
<kw name="Choose valid quantity" library="resourceDesafioSovos">
<kw name="Wait Until Element Is Visible" library="SeleniumLibrary">
<arg>${PRDT_CHSEN}</arg>
<doc>Waits until the element ``locator`` is visible.</doc>
<status status="PASS" starttime="20210804 00:15:10.312" endtime="20210804 00:15:10.840"/>
</kw>
<kw name="Mouse Over" library="SeleniumLibrary">
<arg>${PRDT_CHSEN}</arg>
<doc>Simulates hovering the mouse over the element ``locator``.</doc>
<msg timestamp="20210804 00:15:10.841" level="INFO">Simulating Mouse Over on element 'xpath=//span[contains(.,'Novo (7) de R$ 6.691,00')]'.</msg>
<status status="PASS" starttime="20210804 00:15:10.840" endtime="20210804 00:15:11.179"/>
</kw>
<kw name="Click Element" library="SeleniumLibrary">
<arg>${PRDT_CHSEN}</arg>
<doc>Click the element identified by ``locator``.</doc>
<msg timestamp="20210804 00:15:11.180" level="INFO">Clicking element 'xpath=//span[contains(.,'Novo (7) de R$ 6.691,00')]'.</msg>
<status status="PASS" starttime="20210804 00:15:11.179" endtime="20210804 00:15:11.400"/>
</kw>
<kw name="Wait Until Element Is Visible" library="SeleniumLibrary">
<arg>${FILTER}</arg>
<doc>Waits until the element ``locator`` is visible.</doc>
<status status="PASS" starttime="20210804 00:15:11.400" endtime="20210804 00:15:15.025"/>
</kw>
<kw name="Click Button" library="SeleniumLibrary">
<arg>${BTN_ADD}</arg>
<doc>Clicks the button identified by ``locator``.</doc>
<msg timestamp="20210804 00:15:15.025" level="INFO">Clicking button 'xpath=//input[contains(@aria-label,' 6.691,00')]'.</msg>
<status status="PASS" starttime="20210804 00:15:15.025" endtime="20210804 00:15:15.267"/>
</kw>
<status status="PASS" starttime="20210804 00:15:10.311" endtime="20210804 00:15:15.267"/>
</kw>
<status status="PASS" starttime="20210804 00:15:02.506" endtime="20210804 00:15:15.269"/>
</test>
<doc>Suite de testes WEB - Site: htt://automationpractice.com</doc>
<status status="PASS" starttime="20210804 00:15:00.671" endtime="20210804 00:15:15.273"/>
</suite>
<statistics>
<total>
<stat pass="1" fail="0" skip="0">All Tests</stat>
</total>
<tag>
</tag>
<suite>
<stat pass="1" fail="0" skip="0" id="s1" name="suiteDesafioSovos">suiteDesafioSovos</stat>
</suite>
</statistics>
<errors>
</errors>
</robot>
