<?xml version="1.0" encoding="UTF-8"?>
<robot generator="Robot 4.0.3 (Python 3.9.6 on win32)" generated="20210803 23:05:25.823" rpa="false" schemaversion="2">
<suite id="s1" name="suiteDesafioSovos" source="E:\04. DesafioSovos\desafiosovos\suiteDesafioSovos.robot">
<kw name="Abrir o navegador" library="resourceDesafioSovos" type="SETUP">
<kw name="Open Browser" library="SeleniumLibrary">
<arg>browser=chrome</arg>
<doc>Opens a new browser instance to the optional ``url``.</doc>
<msg timestamp="20210803 23:05:26.108" level="INFO">Opening browser 'chrome' to base url 'None'.</msg>
<status status="PASS" starttime="20210803 23:05:26.108" endtime="20210803 23:05:27.783"/>
</kw>
<status status="PASS" starttime="20210803 23:05:26.108" endtime="20210803 23:05:27.783"/>
</kw>
<test id="s1-t1" name="Case Test 01: Search for products">
<kw name="Access the home page website" library="resourceDesafioSovos">
<kw name="Go To" library="SeleniumLibrary">
<arg>${URL}</arg>
<doc>Navigates the current browser window to the provided ``url``.</doc>
<msg timestamp="20210803 23:05:27.785" level="INFO">Opening url 'http://www.amazon.com.br/'</msg>
<status status="PASS" starttime="20210803 23:05:27.785" endtime="20210803 23:05:32.162"/>
</kw>
<kw name="Wait Until Element Is Visible" library="SeleniumLibrary">
<arg>${CHECK_HOME_PAGE}</arg>
<doc>Waits until the element ``locator`` is visible.</doc>
<status status="PASS" starttime="20210803 23:05:32.163" endtime="20210803 23:05:32.214"/>
</kw>
<status status="PASS" starttime="20210803 23:05:27.785" endtime="20210803 23:05:32.215"/>
</kw>
<kw name="Type the product &quot;Playstation 5&quot; in the searchbox and search" library="resourceDesafioSovos" sourcename="Type the product &quot;${PRODUCT1}&quot; in the searchbox and search">
<kw name="Input Text" library="SeleniumLibrary">
<arg>${SRC_BOX}</arg>
<arg>${PRODUCT1}</arg>
<doc>Types the given ``text`` into the text field identified by ``locator``.</doc>
<msg timestamp="20210803 23:05:32.216" level="INFO">Typing text 'Playstation 5' into text field 'xpath=//input[contains(@type,'text')]'.</msg>
<status status="PASS" starttime="20210803 23:05:32.216" endtime="20210803 23:05:32.368"/>
</kw>
<status status="PASS" starttime="20210803 23:05:32.215" endtime="20210803 23:05:32.369"/>
</kw>
<kw name="Click on button to search" library="resourceDesafioSovos">
<kw name="Mouse Over" library="SeleniumLibrary">
<arg>${BTN_SRC}</arg>
<doc>Simulates hovering the mouse over the element ``locator``.</doc>
<msg timestamp="20210803 23:05:32.370" level="INFO">Simulating Mouse Over on element 'xpath=//input[contains(@value,'Ir')]'.</msg>
<status status="PASS" starttime="20210803 23:05:32.369" endtime="20210803 23:05:32.672"/>
</kw>
<kw name="Click Button" library="SeleniumLibrary">
<arg>${BTN_SRC}</arg>
<doc>Clicks the button identified by ``locator``.</doc>
<msg timestamp="20210803 23:05:32.673" level="INFO">Clicking button 'xpath=//input[contains(@value,'Ir')]'.</msg>
<status status="PASS" starttime="20210803 23:05:32.672" endtime="20210803 23:05:32.812"/>
</kw>
<status status="PASS" starttime="20210803 23:05:32.369" endtime="20210803 23:05:32.812"/>
</kw>
<kw name="Check if the product &quot;Playstation 5&quot; is listed in the website" library="resourceDesafioSovos" sourcename="Check if the product &quot;${PRODUCT1}&quot; is listed in the website">
<kw name="Wait Until Element Is Visible" library="SeleniumLibrary">
<arg>${VISIBLE_PRDT}</arg>
<doc>Waits until the element ``locator`` is visible.</doc>
<status status="PASS" starttime="20210803 23:05:32.815" endtime="20210803 23:05:33.637"/>
</kw>
<kw name="Page Should Contain Image" library="SeleniumLibrary">
<arg>${IMAGE_PRDT}</arg>
<doc>Verifies image identified by ``locator`` is found from current page.</doc>
<msg timestamp="20210803 23:05:33.833" level="INFO">Current page contains image 'xpath=//img[@data-image-index='1']'.</msg>
<status status="PASS" starttime="20210803 23:05:33.638" endtime="20210803 23:05:33.833"/>
</kw>
<status status="PASS" starttime="20210803 23:05:32.814" endtime="20210803 23:05:33.834"/>
</kw>
<status status="PASS" starttime="20210803 23:05:27.783" endtime="20210803 23:05:33.835"/>
</test>
<doc>Suite de testes WEB - Site: htt://automationpractice.com</doc>
<status status="PASS" starttime="20210803 23:05:25.823" endtime="20210803 23:05:33.853"/>
</suite>
<statistics>
<total>
<stat pass="1" fail="0" skip="0">All Tests</stat>
</total>
<tag>
</tag>
<suite>
<stat pass="1" fail="0" skip="0" id="s1" name="suiteDesafioSovos">suiteDesafioSovos</stat>
</suite>
</statistics>
<errors>
</errors>
</robot>
